%!Adobe-FontList 1.16
%Locale:0x404

%BeginFont
Handler:DirectoryHandler
FontType:Invalid
OutlineFileName:C:\Users\student\Desktop\Font\Aller Font License.txt
FileModTime:1456149554
%EndFont

%BeginFont
Handler:DirectoryHandler
FontType:TrueType
FontName:AllerDisplay
FamilyName:Aller Display
StyleName:Regular
FullName:Aller Display
MenuName:Aller Display
StyleBits:0
WritingScript:Roman
OutlineFileName:C:\Users\student\Desktop\Font\AllerDisplay.ttf
DataFormat:sfntData
FileLength:95616
FileModTime:1370325094
WeightClass:400
WidthClass:5
AngleClass:0
NameArray:0,Mac,18,Aller Display
NameArray:0,Mac,4,Aller Display
NameArray:0,Win,1,Aller Display
%EndFont

%BeginFont
Handler:DirectoryHandler
FontType:TrueType
FontName:Aller-Bold
FamilyName:Aller
StyleName:Bold
FullName:Aller Bold
MenuName:Aller
StyleBits:2
WritingScript:Roman
OutlineFileName:C:\Users\student\Desktop\Font\Aller_Bd.ttf
DataFormat:sfntData
FileLength:128368
FileModTime:1370325092
WeightClass:700
WidthClass:5
AngleClass:0
NameArray:0,Mac,18,Aller Bold
NameArray:0,Mac,4,Aller Bold
NameArray:0,Win,1,Aller
%EndFont

%BeginFont
Handler:DirectoryHandler
FontType:TrueType
FontName:Aller-BoldItalic
FamilyName:Aller
StyleName:Bold Italic
FullName:Aller Bold Italic
MenuName:Aller
StyleBits:3
WritingScript:Roman
OutlineFileName:C:\Users\student\Desktop\Font\Aller_BdIt.ttf
DataFormat:sfntData
FileLength:123556
FileModTime:1370325092
WeightClass:700
WidthClass:5
AngleClass:1
NameArray:0,Mac,18,Aller Bold Italic
NameArray:0,Mac,4,Aller Bold Italic
NameArray:0,Win,1,Aller
%EndFont

%BeginFont
Handler:DirectoryHandler
FontType:TrueType
FontName:Aller-Italic
FamilyName:Aller
StyleName:Italic
FullName:Aller Italic
MenuName:Aller
StyleBits:1
WritingScript:Roman
OutlineFileName:C:\Users\student\Desktop\Font\Aller_It.ttf
DataFormat:sfntData
FileLength:120876
FileModTime:1370325092
WeightClass:400
WidthClass:5
AngleClass:1
NameArray:0,Mac,18,Aller Italic
NameArray:0,Mac,4,Aller Italic
NameArray:0,Win,1,Aller
%EndFont

%BeginFont
Handler:DirectoryHandler
FontType:TrueType
FontName:Aller-Light
FamilyName:Aller Light
StyleName:Regular
FullName:Aller Light
MenuName:Aller Light
StyleBits:0
WritingScript:Roman
OutlineFileName:C:\Users\student\Desktop\Font\Aller_Lt.ttf
DataFormat:sfntData
FileLength:132780
FileModTime:1370325088
WeightClass:400
WidthClass:5
AngleClass:0
NameArray:0,Mac,18,Aller Light
NameArray:0,Mac,4,Aller Light
NameArray:0,Win,1,Aller Light
%EndFont

%BeginFont
Handler:DirectoryHandler
FontType:TrueType
FontName:Aller-LightItalic
FamilyName:Aller Light
StyleName:Italic
FullName:Aller Light Italic
MenuName:Aller Light
StyleBits:1
WritingScript:Roman
OutlineFileName:C:\Users\student\Desktop\Font\Aller_LtIt.ttf
DataFormat:sfntData
FileLength:122296
FileModTime:1370325090
WeightClass:400
WidthClass:5
AngleClass:1
NameArray:0,Mac,18,Aller Light Italic
NameArray:0,Mac,4,Aller Light Italic
NameArray:0,Win,1,Aller Light
%EndFont

%BeginFont
Handler:DirectoryHandler
FontType:TrueType
FontName:Aller
FamilyName:Aller
StyleName:Regular
FullName:Aller
MenuName:Aller
StyleBits:0
WritingScript:Roman
OutlineFileName:C:\Users\student\Desktop\Font\Aller_Rg.ttf
DataFormat:sfntData
FileLength:134436
FileModTime:1370325090
WeightClass:400
WidthClass:5
AngleClass:0
NameArray:0,Mac,18,Aller
NameArray:0,Mac,4,Aller
NameArray:0,Win,1,Aller
%EndFont

%BeginFont
Handler:DirectoryHandler
FontType:Invalid
OutlineFileName:C:\Users\student\Desktop\Font\新增資料夾\Aller Font License.txt
FileModTime:1456197302
%EndFont

%BeginFont
Handler:DirectoryHandler
FontType:TrueType
FontName:AllerDisplay
FamilyName:Aller Display
StyleName:Regular
FullName:Aller Display
MenuName:Aller Display
StyleBits:0
WritingScript:Roman
OutlineFileName:C:\Users\student\Desktop\Font\新增資料夾\AllerDisplay.ttf
DataFormat:sfntData
FileLength:95616
FileModTime:1456197302
WeightClass:400
WidthClass:5
AngleClass:0
NameArray:0,Mac,18,Aller Display
NameArray:0,Mac,4,Aller Display
NameArray:0,Win,1,Aller Display
%EndFont

%BeginFont
Handler:DirectoryHandler
FontType:TrueType
FontName:Aller-Bold
FamilyName:Aller
StyleName:Bold
FullName:Aller Bold
MenuName:Aller
StyleBits:2
WritingScript:Roman
OutlineFileName:C:\Users\student\Desktop\Font\新增資料夾\Aller_Bd.ttf
DataFormat:sfntData
FileLength:128368
FileModTime:1456197302
WeightClass:700
WidthClass:5
AngleClass:0
NameArray:0,Mac,18,Aller Bold
NameArray:0,Mac,4,Aller Bold
NameArray:0,Win,1,Aller
%EndFont

%BeginFont
Handler:DirectoryHandler
FontType:TrueType
FontName:Aller-BoldItalic
FamilyName:Aller
StyleName:Bold Italic
FullName:Aller Bold Italic
MenuName:Aller
StyleBits:3
WritingScript:Roman
OutlineFileName:C:\Users\student\Desktop\Font\新增資料夾\Aller_BdIt.ttf
DataFormat:sfntData
FileLength:123556
FileModTime:1456197302
WeightClass:700
WidthClass:5
AngleClass:1
NameArray:0,Mac,18,Aller Bold Italic
NameArray:0,Mac,4,Aller Bold Italic
NameArray:0,Win,1,Aller
%EndFont

%BeginFont
Handler:DirectoryHandler
FontType:TrueType
FontName:Aller-Italic
FamilyName:Aller
StyleName:Italic
FullName:Aller Italic
MenuName:Aller
StyleBits:1
WritingScript:Roman
OutlineFileName:C:\Users\student\Desktop\Font\新增資料夾\Aller_It.ttf
DataFormat:sfntData
FileLength:120876
FileModTime:1456197302
WeightClass:400
WidthClass:5
AngleClass:1
NameArray:0,Mac,18,Aller Italic
NameArray:0,Mac,4,Aller Italic
NameArray:0,Win,1,Aller
%EndFont

%BeginFont
Handler:DirectoryHandler
FontType:TrueType
FontName:Aller-Light
FamilyName:Aller Light
StyleName:Regular
FullName:Aller Light
MenuName:Aller Light
StyleBits:0
WritingScript:Roman
OutlineFileName:C:\Users\student\Desktop\Font\新增資料夾\Aller_Lt.ttf
DataFormat:sfntData
FileLength:132780
FileModTime:1456197302
WeightClass:400
WidthClass:5
AngleClass:0
NameArray:0,Mac,18,Aller Light
NameArray:0,Mac,4,Aller Light
NameArray:0,Win,1,Aller Light
%EndFont

%BeginFont
Handler:DirectoryHandler
FontType:TrueType
FontName:Aller-LightItalic
FamilyName:Aller Light
StyleName:Italic
FullName:Aller Light Italic
MenuName:Aller Light
StyleBits:1
WritingScript:Roman
OutlineFileName:C:\Users\student\Desktop\Font\新增資料夾\Aller_LtIt.ttf
DataFormat:sfntData
FileLength:122296
FileModTime:1456197302
WeightClass:400
WidthClass:5
AngleClass:1
NameArray:0,Mac,18,Aller Light Italic
NameArray:0,Mac,4,Aller Light Italic
NameArray:0,Win,1,Aller Light
%EndFont

%BeginFont
Handler:DirectoryHandler
FontType:TrueType
FontName:Aller
FamilyName:Aller
StyleName:Regular
FullName:Aller
MenuName:Aller
StyleBits:0
WritingScript:Roman
OutlineFileName:C:\Users\student\Desktop\Font\新增資料夾\Aller_Rg.ttf
DataFormat:sfntData
FileLength:134436
FileModTime:1456197302
WeightClass:400
WidthClass:5
AngleClass:0
NameArray:0,Mac,18,Aller
NameArray:0,Mac,4,Aller
NameArray:0,Win,1,Aller
%EndFont

